# JRE version: OpenJDK Runtime Environment (11.0.4+10) (build 11.0.4+10-b520.11)
# Java VM: OpenJDK 64-Bit Server VM (11.0.4+10-b520.11, mixed mode, tiered, compressed oops, g1 gc, linux-amd64)
Heap:
 garbage-first heap   total 331776K, used 43398K [0x00000000c2600000, 0x0000000100000000)
  region size 1024K, 1 young (1024K), 1 survivors (1024K)
 Metaspace       used 38792K, capacity 39956K, committed 40064K, reserved 1085440K
  class space    used 4271K, capacity 4709K, committed 4736K, reserved 1048576K
GC Heap History (10 events):
Event: 27,855 GC heap after
{Heap after GC invocations=16 (full 0):
 garbage-first heap   total 92160K, used 41768K [0x00000000c2600000, 0x0000000100000000)
  region size 1024K, 5 young (5120K), 5 survivors (5120K)
 Metaspace       used 38444K, capacity 39634K, committed 39808K, reserved 1085440K
  class space    used 4249K, capacity 4683K, committed 4736K, reserved 1048576K
}
Event: 65,998 GC heap before
{Heap before GC invocations=16 (full 0):
 garbage-first heap   total 92160K, used 71464K [0x00000000c2600000, 0x0000000100000000)
  region size 1024K, 35 young (35840K), 5 survivors (5120K)
 Metaspace       used 38707K, capacity 39878K, committed 40064K, reserved 1085440K
  class space    used 4267K, capacity 4707K, committed 4736K, reserved 1048576K
}
Event: 68,033 GC heap after
{Heap after GC invocations=17 (full 0):
 garbage-first heap   total 110592K, used 42264K [0x00000000c2600000, 0x0000000100000000)
  region size 1024K, 3 young (3072K), 3 survivors (3072K)
 Metaspace       used 38707K, capacity 39878K, committed 40064K, reserved 1085440K
  class space    used 4267K, capacity 4707K, committed 4736K, reserved 1048576K
}
Event: 68,896 GC heap before
{Heap before GC invocations=17 (full 0):
 garbage-first heap   total 110592K, used 44312K [0x00000000c2600000, 0x0000000100000000)
  region size 1024K, 5 young (5120K), 3 survivors (3072K)
 Metaspace       used 38707K, capacity 39878K, committed 40064K, reserved 1085440K
  class space    used 4267K, capacity 4707K, committed 4736K, reserved 1048576K
}
Event: 70,192 GC heap after
{Heap after GC invocations=18 (full 0):
 garbage-first heap   total 110592K, used 42188K [0x00000000c2600000, 0x0000000100000000)
  region size 1024K, 1 young (1024K), 1 survivors (1024K)
 Metaspace       used 38707K, capacity 39878K, committed 40064K, reserved 1085440K
  class space    used 4267K, capacity 4707K, committed 4736K, reserved 1048576K
}
Event: 71,736 GC heap before
{Heap before GC invocations=18 (full 0):
 garbage-first heap   total 110592K, used 45260K [0x00000000c2600000, 0x0000000100000000)
  region size 1024K, 5 young (5120K), 1 survivors (1024K)
 Metaspace       used 38708K, capacity 39878K, committed 40064K, reserved 1085440K
  class space    used 4267K, capacity 4707K, committed 4736K, reserved 1048576K
}
Event: 78,101 GC heap after
{Heap after GC invocations=19 (full 0):
 garbage-first heap   total 110592K, used 43033K [0x00000000c2600000, 0x0000000100000000)
  region size 1024K, 1 young (1024K), 1 survivors (1024K)
 Metaspace       used 38708K, capacity 39878K, committed 40064K, reserved 1085440K
  class space    used 4267K, capacity 4707K, committed 4736K, reserved 1048576K
}
Event: 96,285 GC heap before
{Heap before GC invocations=19 (full 0):
 garbage-first heap   total 110592K, used 47129K [0x00000000c2600000, 0x0000000100000000)
  region size 1024K, 5 young (5120K), 1 survivors (1024K)
 Metaspace       used 38764K, capacity 39956K, committed 40064K, reserved 1085440K
  class space    used 4269K, capacity 4709K, committed 4736K, reserved 1048576K
}
Event: 104,987 GC heap after
{Heap after GC invocations=20 (full 0):
 garbage-first heap   total 110592K, used 43439K [0x00000000c2600000, 0x0000000100000000)
  region size 1024K, 1 young (1024K), 1 survivors (1024K)
 Metaspace       used 38764K, capacity 39956K, committed 40064K, reserved 1085440K
  class space    used 4269K, capacity 4709K, committed 4736K, reserved 1048576K
}
Event: 108,310 GC heap before
{Heap before GC invocations=20 (full 0):
 garbage-first heap   total 110592K, used 47535K [0x00000000c2600000, 0x0000000100000000)
  region size 1024K, 5 young (5120K), 1 survivors (1024K)
 Metaspace       used 38792K, capacity 39956K, committed 40064K, reserved 1085440K
  class space    used 4271K, capacity 4709K, committed 4736K, reserved 1048576K
}

